{"level":"info","message":"Haurchebot connected!"}
{"level":"info","message":"Commands loaded:\n"}
{"level":"info","message":"Haurchebot connected!"}
{"level":"info","message":"Commands loaded:\n"}
{"default":{"data":{"description":"Rolls dice for you!","name":"roll","options":[{"description":"The dice formula to roll.","name":"formula","required":true,"type":3}]}},"level":"info"}
{"level":"info","message":"Haurchebot connected!"}
{"level":"info","message":"Commands loaded:\n"}
{"default":{"data":{"description":"Rolls dice for you!","name":"roll","options":[{"description":"The dice formula to roll.","name":"formula","required":true,"type":3}]}},"level":"info"}
{"level":"info","message":"Haurchebot connected!"}
{"level":"info","message":"1 commands loaded:\n"}
{"level":"info","message":"Haurchebot connected!"}
{"level":"info","message":"1 commands loaded:\n"}
{"level":"info","message":"Haurchebot connected!"}
{"level":"info","message":"1 commands loaded:\n"}
{"level":"info","message":"Haurchebot connected!"}
{"level":"info","message":"1 commands loaded:\nDice Roller"}
{"level":"info","message":"Haurchebot connected!"}
{"level":"info","message":"1 commands loaded:\nDice Roller"}
{"level":"info","message":"Haurchebot connected!"}
{"level":"info","message":"1 commands loaded:\nDice Roller"}
{"level":"info","message":"Registering 1 / commands"}
{"code":50035,"level":"error","method":"PUT","rawError":{"code":50035,"errors":{"0":{"name":{"_errors":[{"code":"BASE_TYPE_REQUIRED","message":"This field is required"}]}}},"message":"Invalid Form Body"},"requestBody":{"json":[{"data":{"description":"Rolls dice for you!","name":"roll","options":[{"description":"The dice formula to roll.","name":"formula","required":true,"type":3}]}}]},"status":400,"url":"https://discord.com/api/v10/applications/729255169627258911/guilds/203610625383989250/commands"}
{"level":"info","message":"Haurchebot connected!"}
{"level":"info","message":"1 commands loaded:\nDice Roller"}
{"level":"info","message":"Registering 1 /slash command(s)"}
{"level":"info","message":"Successfully reloaded 1 /slash command(s)"}
{"level":"info","message":"Haurchebot connected!"}
{"level":"info","message":"1 commands loaded:\nDice Roller"}
{"level":"info","message":"Registering 1 /slash command(s)"}
{"level":"info","message":"Successfully reloaded 1 /slash command(s)"}
{"level":"info","message":"Haurchebot connected!"}
{"level":"info","message":"1 commands loaded:\nDice Roller"}
{"level":"info","message":"Registering 1 /slash command(s)"}
{"level":"info","message":"Successfully reloaded 1 /slash command(s)"}
{"level":"info","message":"Haurchebot connected!"}
{"level":"info","message":"1 commands loaded:\nDice Roller"}
{"level":"info","message":"Registering 1 /slash command(s)"}
{"level":"info","message":"Successfully reloaded 1 /slash command(s)"}
{"level":"info","message":"Haurchebot connected!"}
{"level":"info","message":"1 commands loaded:\nDice Roller"}
{"level":"info","message":"Registering 1 /slash command(s)"}
{"level":"info","message":"Successfully reloaded 1 /slash command(s)"}
{"level":"info","message":"Haurchebot connected!"}
{"level":"info","message":"1 commands loaded:\nDice Roller"}
{"level":"info","message":"Registering 1 /slash command(s)"}
{"level":"info","message":"Successfully reloaded 1 /slash command(s)"}
{"level":"info","message":"Command entered: null"}
{"level":"info","message":"Haurchebot connected!"}
{"level":"info","message":"1 commands loaded:\nDice Roller"}
{"level":"info","message":"Registering 1 /slash command(s)"}
{"level":"info","message":"Successfully reloaded 1 /slash command(s)"}
{"level":"info","message":"Command entered: /roll diceroll:1d20+2"}
{"level":"info","message":"Haurchebot connected!"}
{"level":"info","message":"1 commands loaded:\nDice Roller"}
{"level":"info","message":"Registering 1 /slash command(s)"}
{"level":"info","message":"Successfully reloaded 1 /slash command(s)"}
{"level":"info","message":"Command entered: roll"}
{"level":"info","message":"Haurchebot connected!"}
{"level":"info","message":"1 commands loaded:\nDice Roller"}
{"level":"info","message":"Registering 1 /slash command(s)"}
{"level":"info","message":"Successfully reloaded 1 /slash command(s)"}
{"level":"info","message":"Haurchebot connected!"}
{"level":"info","message":"1 commands loaded:\nDice Roller"}
{"level":"info","message":"Registering 1 /slash command(s)"}
{"level":"info","message":"Successfully reloaded 1 /slash command(s)"}
{"level":"info","message":"Haurchebot connected!"}
{"level":"info","message":"1 commands loaded:\nDice Roller"}
{"level":"info","message":"Registering 1 /slash command(s)"}
{"level":"info","message":"Successfully reloaded 1 /slash command(s)"}
{"level":"info","message":"Haurchebot connected!"}
{"level":"info","message":"1 commands loaded:\nDice Roller"}
{"level":"info","message":"Registering 1 /slash command(s)"}
{"level":"info","message":"Successfully reloaded 1 /slash command(s)"}
{"level":"info","message":"Haurchebot connected!"}
{"level":"info","message":"1 commands loaded:\nDice Roller"}
{"level":"info","message":"Registering 1 /slash command(s)"}
{"level":"info","message":"Successfully reloaded 1 /slash command(s)"}
{"level":"info","message":"Haurchebot connected!"}
{"level":"info","message":"1 commands loaded:\nroll"}
{"level":"info","message":"Registering 1 /slash command(s)"}
{"level":"info","message":"Successfully reloaded 1 /slash command(s)"}
{"level":"error"}
{"level":"error"}
{"level":"info","message":"Haurchebot connected!"}
{"level":"info","message":"1 commands loaded:\nroll"}
{"level":"info","message":"Registering 1 /slash command(s)"}
{"level":"info","message":"Successfully reloaded 1 /slash command(s)"}
{"level":"error"}
{"level":"info","message":"Haurchebot connected!"}
{"level":"info","message":"1 commands loaded:\nroll"}
{"level":"info","message":"Registering 1 /slash command(s)"}
{"level":"info","message":"Successfully reloaded 1 /slash command(s)"}
{"level":"error"}
{"level":"info","message":"Haurchebot connected!"}
{"level":"info","message":"1 commands loaded:\nroll"}
{"level":"info","message":"Registering 1 /slash command(s)"}
{"level":"info","message":"Successfully reloaded 1 /slash command(s)"}
{"level":"error"}
{"level":"info","message":"Haurchebot connected!"}
{"level":"info","message":"1 commands loaded:\nroll"}
{"level":"info","message":"Registering 1 /slash command(s)"}
{"level":"info","message":"Successfully reloaded 1 /slash command(s)"}
{"level":"info","message":"Haurchebot connected!"}
{"level":"info","message":"1 commands loaded:\nroll"}
{"level":"info","message":"Registering 1 /slash command(s)"}
{"level":"info","message":"Successfully reloaded 1 /slash command(s)"}
{"level":"info","message":"Haurchebot connected!"}
{"level":"info","message":"1 commands loaded:\nroll"}
{"level":"info","message":"Registering 1 /slash command(s)"}
{"level":"info","message":"Successfully reloaded 1 /slash command(s)"}
{"level":"info","message":"Haurchebot connected!"}
{"level":"info","message":"1 commands loaded:\nroll"}
{"level":"info","message":"Registering 1 /slash command(s)"}
{"level":"info","message":"Successfully reloaded 1 /slash command(s)"}
{"level":"info","message":"Haurchebot connected!"}
{"level":"info","message":"1 commands loaded:\nroll"}
{"level":"info","message":"Registering 1 /slash command(s)"}
{"level":"info","message":"Successfully reloaded 1 /slash command(s)"}
{"level":"info","message":"Haurchebot connected!"}
{"level":"info","message":"1 commands loaded:\nroll"}
{"level":"info","message":"Registering 1 /slash command(s)"}
{"level":"info","message":"Successfully reloaded 1 /slash command(s)"}
{"level":"info","message":"Haurchebot connected!"}
{"level":"info","message":"1 commands loaded:\nroll"}
{"level":"info","message":"Registering 1 /slash command(s)"}
{"level":"info","message":"Successfully reloaded 1 /slash command(s)"}
{"level":"info","message":"Haurchebot connected!"}
{"level":"info","message":"1 commands loaded:\nroll"}
{"level":"info","message":"Registering 1 /slash command(s)"}
{"level":"info","message":"Successfully reloaded 1 /slash command(s)"}
{"level":"info","message":"Haurchebot connected!"}
{"level":"info","message":"1 commands loaded:\nroll"}
{"level":"info","message":"Registering 1 /slash command(s)"}
{"level":"info","message":"Successfully reloaded 1 /slash command(s)"}
{"level":"info","message":"Haurchebot connected!"}
{"level":"info","message":"1 commands loaded:\nroll"}
{"level":"info","message":"Registering 1 /slash command(s)"}
{"level":"info","message":"Successfully reloaded 1 /slash command(s)"}
{"level":"info","message":"Haurchebot connected!"}
{"level":"info","message":"1 commands loaded:\nroll"}
{"level":"info","message":"Registering 1 /slash command(s)"}
{"level":"info","message":"Successfully reloaded 1 /slash command(s)"}
{"level":"info","message":"Haurchebot connected!"}
{"level":"info","message":"Registering 1 /slash command(s)"}
{"level":"info","message":"Successfully reloaded 1 /slash command(s)"}
{"level":"info","message":"Haurchebot connected!"}
{"level":"info","message":"Registering 1 /slash command(s)"}
{"level":"info","message":"Successfully reloaded 1 /slash command(s)"}
